<?xml version="1.0" encoding="UTF-8"?>
<testsuites name="LIF3 Financial Dashboard Tests" tests="5" failures="0" errors="0" time="10.527">
  <testsuite name="MCP Framework Basic Tests" errors="0" failures="0" skipped="0" timestamp="2025-07-15T17:35:49" time="10.379" tests="5">
    <testcase classname="MCP Framework Basic Tests should be defined" name="MCP Framework Basic Tests should be defined" time="0.002">
    </testcase>
    <testcase classname="MCP Framework Basic Tests should have unified schema" name="MCP Framework Basic Tests should have unified schema" time="0.001">
    </testcase>
    <testcase classname="MCP Framework Basic Tests should register server successfully" name="MCP Framework Basic Tests should register server successfully" time="0">
    </testcase>
    <testcase classname="MCP Framework Basic Tests should register integration successfully" name="MCP Framework Basic Tests should register integration successfully" time="0.001">
    </testcase>
    <testcase classname="MCP Framework Basic Tests should get servers and integrations" name="MCP Framework Basic Tests should get servers and integrations" time="0">
    </testcase>
  </testsuite>
</testsuites>